mode: set
lapakUmkm/features/productTransactionDetails/service/service.go:14.147,19.2 1 1
lapakUmkm/features/productTransactionDetails/service/service.go:21.206,23.16 2 1
lapakUmkm/features/productTransactionDetails/service/service.go:27.2,27.30 1 1
lapakUmkm/features/productTransactionDetails/service/service.go:23.16,25.3 1 1
lapakUmkm/features/productTransactionDetails/service/service.go:30.127,32.2 1 1
lapakUmkm/features/productTransactionDetails/service/service.go:34.145,36.2 1 1
lapakUmkm/features/feedbacks/service/service.go:16.83,21.2 1 1
lapakUmkm/features/feedbacks/service/service.go:23.110,26.24 3 1
lapakUmkm/features/feedbacks/service/service.go:29.2,30.16 2 1
lapakUmkm/features/feedbacks/service/service.go:33.2,33.39 1 1
lapakUmkm/features/feedbacks/service/service.go:26.24,28.3 1 0
lapakUmkm/features/feedbacks/service/service.go:30.16,32.3 1 1
lapakUmkm/features/feedbacks/service/service.go:36.127,38.20 2 0
lapakUmkm/features/feedbacks/service/service.go:42.2,42.37 1 0
lapakUmkm/features/feedbacks/service/service.go:46.2,47.16 2 0
lapakUmkm/features/feedbacks/service/service.go:50.2,50.31 1 0
lapakUmkm/features/feedbacks/service/service.go:38.20,40.3 1 0
lapakUmkm/features/feedbacks/service/service.go:42.37,44.3 1 0
lapakUmkm/features/feedbacks/service/service.go:47.16,49.3 1 0
lapakUmkm/features/feedbacks/service/service.go:53.58,55.16 2 0
lapakUmkm/features/feedbacks/service/service.go:58.2,58.37 1 0
lapakUmkm/features/feedbacks/service/service.go:61.2,61.28 1 0
lapakUmkm/features/feedbacks/service/service.go:55.16,57.3 1 0
lapakUmkm/features/feedbacks/service/service.go:58.37,60.3 1 0
lapakUmkm/features/feedbacks/service/service.go:64.103,66.16 2 1
lapakUmkm/features/feedbacks/service/service.go:70.2,70.17 1 1
lapakUmkm/features/feedbacks/service/service.go:66.16,69.3 2 1
lapakUmkm/features/feedbacks/service/service.go:73.123,75.16 2 1
lapakUmkm/features/feedbacks/service/service.go:79.2,79.17 1 1
lapakUmkm/features/feedbacks/service/service.go:75.16,78.3 2 1
lapakUmkm/features/feedbacks/service/service.go:83.97,85.2 1 1
lapakUmkm/features/feedbacks/service/service.go:87.79,89.2 1 1
lapakUmkm/features/chats/service/service.go:15.58,20.2 1 1
lapakUmkm/features/chats/service/service.go:22.81,25.24 3 1
lapakUmkm/features/chats/service/service.go:28.2,29.16 2 1
lapakUmkm/features/chats/service/service.go:32.2,32.34 1 1
lapakUmkm/features/chats/service/service.go:25.24,27.3 1 0
lapakUmkm/features/chats/service/service.go:29.16,31.3 1 1
lapakUmkm/features/chats/service/service.go:35.73,37.16 2 1
lapakUmkm/features/chats/service/service.go:41.2,41.17 1 1
lapakUmkm/features/chats/service/service.go:37.16,40.3 1 1
lapakUmkm/features/chats/service/service.go:44.62,46.2 1 1
lapakUmkm/features/chats/service/service.go:48.80,50.2 1 1
lapakUmkm/features/chats/service/service.go:52.81,54.2 1 1
